=== Beginning of SLiM run with different QTLs > Wed Oct 11 15:08:08 CDT 2023 ===
=== Beginning of SLiM run with different QTLs > Wed Oct 11 15:08:08 CDT 2023 ===
=== Beginning of SLiM run with different QTLs > Wed Oct 11 15:08:08 CDT 2023 ===
=== Beginning of SLiM run with different QTLs > Wed Oct 11 15:08:08 CDT 2023 ===
=== Beginning of SLiM run with different QTLs > Wed Oct 11 15:08:08 CDT 2023 ===
=== Fini finito! End of SLiM QTLs Constant Selection run > Wed Oct 11 20:51:40 CDT 2023
=== Fini finito! End of SLiM QTLs Constant Selection run > Wed Oct 11 20:51:54 CDT 2023
=== Fini finito! End of SLiM QTLs Constant Selection run > Wed Oct 11 20:54:16 CDT 2023
=== Fini finito! End of SLiM QTLs Constant Selection run > Wed Oct 11 20:55:58 CDT 2023
=== Fini finito! End of SLiM QTLs Constant Selection run > Wed Oct 11 22:33:16 CDT 2023
=== Beginning of SLiM run with different QTLs > Thu Nov  9 11:31:07 PM CST 2023 ===
=== Fini finito! End of SLiM QTLs Constant Selection run > Fri Nov 10 06:20:39 AM CST 2023
=== Beginning of SLiM run with different QTLs > Fri Dec 29 01:24:25 PM CST 2023 ===
=== Fini finito! End of SLiM QTLs Constant Selection run > Fri Dec 29 05:35:10 PM CST 2023
=== Beginning of SLiM run with different QTLs > Tue Mar 26 11:05:56 PM CDT 2024 ===
=== Fini finito! End of SLiM QTLs Constant Selection run > Wed Mar 27 01:56:30 AM CDT 2024
=== Beginning of SLiM run with different QTLs > Wed Mar 27 10:35:00 AM CDT 2024 ===
=== Fini finito! End of SLiM QTLs Constant Selection run > Wed Mar 27 11:16:43 AM CDT 2024
=== Beginning of SLiM run with different QTLs > Fri Mar 29 08:55:41 PM CDT 2024 ===
=== Fini finito! End of SLiM QTLs Constant Selection run > Fri Mar 29 09:08:40 PM CDT 2024
=== Beginning of SLiM run with different QTLs > Fri Mar 29 09:48:08 PM CDT 2024 ===
=== Fini finito! End of SLiM QTLs Constant Selection run > Sat Mar 30 01:42:52 AM CDT 2024
=== Beginning of SLiM run with different QTLs > Sun Apr 28 02:03:56 AM CDT 2024 ===
=== Beginning of SLiM run with different QTLs > Sun Apr 28 02:04:12 AM CDT 2024 ===
=== Fini finito! End of SLiM QTLs Constant Selection run > Sun Apr 28 02:04:23 AM CDT 2024
=== Beginning of SLiM run with different QTLs > Sun Apr 28 02:04:41 AM CDT 2024 ===
=== Beginning of SLiM run with different QTLs > Sun Apr 28 02:10:16 AM CDT 2024 ===
=== Fini finito! End of SLiM QTLs Constant Selection run > Sun Apr 28 02:10:26 AM CDT 2024
=== Beginning of SLiM run with different QTLs > Sun Apr 28 02:17:55 AM CDT 2024 ===
=== Fini finito! End of SLiM QTLs Constant Selection run > Sun Apr 28 02:26:41 AM CDT 2024
=== Beginning of SLiM run with different QTLs > Sun Apr 28 02:28:21 AM CDT 2024 ===
=== Beginning of SLiM run with different QTLs > Sun Apr 28 02:50:32 AM CDT 2024 ===
=== Fini finito! End of SLiM QTLs Constant Selection run > Sun Apr 28 07:07:54 AM CDT 2024
