#WARNING (Genome_Class::ExecuteMethod_addNewMutation): addNewMutation() should probably not be called from a first() or early() event in a WF model; the added mutation will not influence fitness values during offspring generation.
ERROR (EidosSymbolTable::_GetValue): undefined identifier q_a.

Error on script line 159, character 9:

   het = 2*q_a*freq;
           ^^^
#WARNING (Genome_Class::ExecuteMethod_addNewMutation): addNewMutation() should probably not be called from a first() or early() event in a WF model; the added mutation will not influence fitness values during offspring generation.
ERROR (EidosSymbolTable::_GetValue): undefined identifier q_a.

Error on script line 159, character 9:

   het = 2*q_a*freq;
           ^^^
#WARNING (Genome_Class::ExecuteMethod_addNewMutation): addNewMutation() should probably not be called from a first() or early() event in a WF model; the added mutation will not influence fitness values during offspring generation.
ERROR (EidosSymbolTable::_GetValue): undefined identifier q_a.

Error on script line 159, character 9:

   het = 2*q_a*freq;
           ^^^
#WARNING (Genome_Class::ExecuteMethod_addNewMutation): addNewMutation() should probably not be called from a first() or early() event in a WF model; the added mutation will not influence fitness values during offspring generation.
ERROR (EidosSymbolTable::_GetValue): undefined identifier q_a.

Error on script line 159, character 9:

   het = 2*q_a*freq;
           ^^^
#WARNING (Genome_Class::ExecuteMethod_addNewMutation): addNewMutation() should probably not be called from a first() or early() event in a WF model; the added mutation will not influence fitness values during offspring generation.
ERROR (EidosSymbolTable::_GetValue): undefined identifier q_a.

Error on script line 159, character 9:

   het = 2*q_a*freq;
           ^^^
#WARNING (Genome_Class::ExecuteMethod_addNewMutation): addNewMutation() should probably not be called from a first() or early() event in a WF model; the added mutation will not influence fitness values during offspring generation.
ERROR (EidosSymbolTable::_GetValue): undefined identifier q_a.

Error on script line 159, character 9:

   het = 2*q_a*freq;
           ^^^
#WARNING (Genome_Class::ExecuteMethod_addNewMutation): addNewMutation() should probably not be called from a first() or early() event in a WF model; the added mutation will not influence fitness values during offspring generation.
ERROR (EidosSymbolTable::_GetValue): undefined identifier q_a.

Error on script line 159, character 9:

   het = 2*q_a*freq;
           ^^^
#WARNING (Genome_Class::ExecuteMethod_addNewMutation): addNewMutation() should probably not be called from a first() or early() event in a WF model; the added mutation will not influence fitness values during offspring generation.
ERROR (EidosSymbolTable::_GetValue): undefined identifier q_a.

Error on script line 159, character 9:

   het = 2*q_a*freq;
           ^^^
#WARNING (Genome_Class::ExecuteMethod_addNewMutation): addNewMutation() should probably not be called from a first() or early() event in a WF model; the added mutation will not influence fitness values during offspring generation.
ERROR (EidosSymbolTable::_GetValue): undefined identifier q_a.

Error on script line 159, character 9:

   het = 2*q_a*freq;
           ^^^
#WARNING (Genome_Class::ExecuteMethod_addNewMutation): addNewMutation() should probably not be called from a first() or early() event in a WF model; the added mutation will not influence fitness values during offspring generation.
ERROR (EidosSymbolTable::_GetValue): undefined identifier q_a.

Error on script line 159, character 9:

   het = 2*q_a*freq;
           ^^^
#WARNING (Genome_Class::ExecuteMethod_addNewMutation): addNewMutation() should probably not be called from a first() or early() event in a WF model; the added mutation will not influence fitness values during offspring generation.
ERROR (EidosSymbolTable::_GetValue): undefined identifier q_a.

Error on script line 159, character 9:

   het = 2*q_a*freq;
           ^^^
#WARNING (Genome_Class::ExecuteMethod_addNewMutation): addNewMutation() should probably not be called from a first() or early() event in a WF model; the added mutation will not influence fitness values during offspring generation.
ERROR (EidosSymbolTable::_GetValue): undefined identifier q_a.

Error on script line 159, character 9:

   het = 2*q_a*freq;
           ^^^
#WARNING (Genome_Class::ExecuteMethod_addNewMutation): addNewMutation() should probably not be called from a first() or early() event in a WF model; the added mutation will not influence fitness values during offspring generation.
ERROR (EidosSymbolTable::_GetValue): undefined identifier q_a.

Error on script line 159, character 9:

   het = 2*q_a*freq;
           ^^^
#WARNING (Genome_Class::ExecuteMethod_addNewMutation): addNewMutation() should probably not be called from a first() or early() event in a WF model; the added mutation will not influence fitness values during offspring generation.
ERROR (EidosSymbolTable::_GetValue): undefined identifier q_a.

Error on script line 159, character 9:

   het = 2*q_a*freq;
           ^^^
#WARNING (Genome_Class::ExecuteMethod_addNewMutation): addNewMutation() should probably not be called from a first() or early() event in a WF model; the added mutation will not influence fitness values during offspring generation.
ERROR (EidosSymbolTable::_GetValue): undefined identifier q_a.

Error on script line 159, character 9:

   het = 2*q_a*freq;
           ^^^
#WARNING (Genome_Class::ExecuteMethod_addNewMutation): addNewMutation() should probably not be called from a first() or early() event in a WF model; the added mutation will not influence fitness values during offspring generation.
ERROR (EidosSymbolTable::_GetValue): undefined identifier q_a.

Error on script line 159, character 9:

   het = 2*q_a*freq;
           ^^^
#WARNING (Genome_Class::ExecuteMethod_addNewMutation): addNewMutation() should probably not be called from a first() or early() event in a WF model; the added mutation will not influence fitness values during offspring generation.
ERROR (EidosSymbolTable::_GetValue): undefined identifier q_a.

Error on script line 159, character 9:

   het = 2*q_a*freq;
           ^^^
#WARNING (Genome_Class::ExecuteMethod_addNewMutation): addNewMutation() should probably not be called from a first() or early() event in a WF model; the added mutation will not influence fitness values during offspring generation.
ERROR (EidosSymbolTable::_GetValue): undefined identifier q_a.

Error on script line 159, character 9:

   het = 2*q_a*freq;
           ^^^
#WARNING (Genome_Class::ExecuteMethod_addNewMutation): addNewMutation() should probably not be called from a first() or early() event in a WF model; the added mutation will not influence fitness values during offspring generation.
ERROR (EidosSymbolTable::_GetValue): undefined identifier q_a.

Error on script line 159, character 9:

   het = 2*q_a*freq;
           ^^^
#WARNING (Genome_Class::ExecuteMethod_addNewMutation): addNewMutation() should probably not be called from a first() or early() event in a WF model; the added mutation will not influence fitness values during offspring generation.
ERROR (EidosSymbolTable::_GetValue): undefined identifier q_a.

Error on script line 159, character 9:

   het = 2*q_a*freq;
           ^^^
#WARNING (Genome_Class::ExecuteMethod_addNewMutation): addNewMutation() should probably not be called from a first() or early() event in a WF model; the added mutation will not influence fitness values during offspring generation.
ERROR (EidosSymbolTable::_GetValue): undefined identifier q_a.

Error on script line 159, character 9:

   het = 2*q_a*freq;
           ^^^
#WARNING (Genome_Class::ExecuteMethod_addNewMutation): addNewMutation() should probably not be called from a first() or early() event in a WF model; the added mutation will not influence fitness values during offspring generation.
ERROR (EidosSymbolTable::_GetValue): undefined identifier q_a.

Error on script line 159, character 9:

   het = 2*q_a*freq;
           ^^^
#WARNING (Genome_Class::ExecuteMethod_addNewMutation): addNewMutation() should probably not be called from a first() or early() event in a WF model; the added mutation will not influence fitness values during offspring generation.
ERROR (EidosSymbolTable::_GetValue): undefined identifier q_a.

Error on script line 159, character 9:

   het = 2*q_a*freq;
           ^^^
#WARNING (Genome_Class::ExecuteMethod_addNewMutation): addNewMutation() should probably not be called from a first() or early() event in a WF model; the added mutation will not influence fitness values during offspring generation.
ERROR (EidosSymbolTable::_GetValue): undefined identifier q_a.

Error on script line 159, character 9:

   het = 2*q_a*freq;
           ^^^
#WARNING (Genome_Class::ExecuteMethod_addNewMutation): addNewMutation() should probably not be called from a first() or early() event in a WF model; the added mutation will not influence fitness values during offspring generation.
ERROR (EidosSymbolTable::_GetValue): undefined identifier q_a.

Error on script line 159, character 9:

   het = 2*q_a*freq;
           ^^^
