=== Bigining of SLiM run with different QTLs > Mon Nov  6 10:30:41 PM CST 2023 ===
=== Bigining of SLiM run with different QTLs > Mon Nov  6 10:32:54 PM CST 2023 ===
=== Bigining of SLiM run with different QTLs > Mon Nov  6 10:40:06 PM CST 2023 ===
=== Bigining of SLiM run with different QTLs > Thu Nov  9 11:25:49 PM CST 2023 ===
=== Bigining of SLiM run with different QTLs > Sat Nov 11 11:09:51 PM CST 2023 ===
=== Bigining of SLiM run with different QTLs > Sat Nov 11 11:11:21 PM CST 2023 ===
=== Bigining of SLiM run with different QTLs > Sat Nov 11 11:13:15 PM CST 2023 ===
=== Bigining of SLiM run with different QTLs > Sat Nov 11 11:17:39 PM CST 2023 ===
=== Bigining of SLiM run with different QTLs > Sat Nov 11 11:17:49 PM CST 2023 ===
=== Bigining of SLiM run with different QTLs > Sat Nov 11 11:19:56 PM CST 2023 ===
=== Bigining of SLiM run with different QTLs > Sat Nov 11 11:20:05 PM CST 2023 ===
=== Bigining of SLiM run with different QTLs > Sat Nov 11 11:26:22 PM CST 2023 ===
=== Bigining of SLiM run with different QTLs > Sat Nov 11 11:34:22 PM CST 2023 ===
=== Bigining of SLiM run with different QTLs > Sat Nov 11 11:43:31 PM CST 2023 ===
=== Bigining of SLiM run with different QTLs > Sun Nov 12 12:06:43 AM CST 2023 ===
=== Bigining of SLiM run with different QTLs > Sun Nov 12 12:10:01 AM CST 2023 ===
=== Bigining of SLiM run with different QTLs > Sun Nov 12 12:10:56 AM CST 2023 ===
=== Bigining of SLiM run with different QTLs > Sun Nov 12 12:11:17 AM CST 2023 ===
=== Bigining of SLiM run with different QTLs > Mon Dec  4 10:59:42 AM CST 2023 ===
=== Bigining of SLiM run with different QTLs > Tue Mar 26 11:04:56 PM CDT 2024 ===
