=== Beginning of SLiM run with different QTLs > Wed Oct 11 15:09:03 CDT 2023 ===
=== Beginning of SLiM run with different QTLs > Wed Oct 11 15:09:03 CDT 2023 ===
=== Beginning of SLiM run with different QTLs > Wed Oct 11 15:09:03 CDT 2023 ===
=== Fini finito! End of SLiM QTLs Constant Selection run > Wed Oct 11 17:02:41 CDT 2023
=== Fini finito! End of SLiM QTLs Constant Selection run > Wed Oct 11 17:05:02 CDT 2023
=== Fini finito! End of SLiM QTLs Constant Selection run > Wed Oct 11 17:05:39 CDT 2023
=== Beginning of SLiM run with different QTLs > Sun Nov  5 01:36:51 AM CST 2023 ===
=== Beginning of SLiM run with different QTLs > Sun Nov  5 01:41:58 AM CST 2023 ===
=== Fini finito! End of SLiM QTLs Constant Selection run > Sun Nov 5 01:54:28 AM CST 2023
=== Beginning of SLiM run with different QTLs > Thu Nov  9 11:32:24 PM CST 2023 ===
=== Fini finito! End of SLiM QTLs Constant Selection run > Fri Nov 10 03:02:13 AM CST 2023
=== Beginning of SLiM run with different QTLs > Fri Dec 29 01:28:14 PM CST 2023 ===
=== Fini finito! End of SLiM QTLs Constant Selection run > Fri Dec 29 03:25:53 PM CST 2023
=== Beginning of SLiM run with different QTLs > Tue Mar 26 11:06:27 PM CDT 2024 ===
=== Fini finito! End of SLiM QTLs Constant Selection run > Wed Mar 27 12:58:06 AM CDT 2024
=== Beginning of SLiM run with different QTLs > Fri Mar 29 08:56:06 PM CDT 2024 ===
=== Fini finito! End of SLiM QTLs Constant Selection run > Fri Mar 29 09:01:41 PM CDT 2024
=== Beginning of SLiM run with different QTLs > Fri Mar 29 09:49:32 PM CDT 2024 ===
=== Beginning of SLiM run with different QTLs > Fri Mar 29 09:52:43 PM CDT 2024 ===
=== Fini finito! End of SLiM QTLs Constant Selection run > Fri Mar 29 11:40:28 PM CDT 2024
=== Beginning of SLiM run with different QTLs > Sun Apr 28 02:40:09 AM CDT 2024 ===
=== Beginning of SLiM run with different QTLs > Sun Apr 28 02:51:00 AM CDT 2024 ===
=== Fini finito! End of SLiM QTLs Constant Selection run > Sun Apr 28 05:21:53 AM CDT 2024
