[31m

processing file: Combined_Spectral.qmd
[39m1/13                  
2/13 [unnamed-chunk-1]
[31mError:
! svg: Cairo-based devices are not available for this platform
Backtrace:
  1. global .main()
  2. execute(...)
  3. rmarkdown::render(...)
  4. knitr::knit(knit_input, knit_output, envir = envir, quiet = quiet)
  5. knitr:::process_file(text, output)
     ...
  9. knitr:::call_block(x)
 10. knitr:::block_exec(params)
 11. knitr:::eng_r(options)
 12. knitr:::chunk_device(options, keep != "none", tmp.fig)
 14. grDevices (local) `<fn>`(...)
[39m[31m
Quitting from lines 8-30 [unnamed-chunk-1] (Combined_Spectral.qmd)
[39m[31mExecution halted
[39m