=== Bigining of SLiM run with different QTLs > Mon Nov  6 11:25:17 PM CST 2023 ===
=== Fini finito! End of SLiM QTLs Constant Selection run > Mon Nov 6 11:54:36 PM CST 2023
=== Bigining of SLiM run with different QTLs > Thu Nov  9 11:27:23 PM CST 2023 ===
=== Fini finito! End of SLiM QTLs Constant Selection run > Fri Nov 10 06:21:17 AM CST 2023
=== Bigining of SLiM run with different QTLs > Sat Nov 11 10:51:35 PM CST 2023 ===
=== Fini finito! End of SLiM QTLs Constant Selection run > Sat Nov 11 10:51:36 PM CST 2023
=== Bigining of SLiM run with different QTLs > Sat Nov 11 10:51:45 PM CST 2023 ===
=== Fini finito! End of SLiM QTLs Constant Selection run > Sat Nov 11 10:51:46 PM CST 2023
=== Bigining of SLiM run with different QTLs > Sat Nov 11 10:56:10 PM CST 2023 ===
=== Fini finito! End of SLiM QTLs Constant Selection run > Sat Nov 11 10:56:10 PM CST 2023
=== Bigining of SLiM run with different QTLs > Sat Nov 11 10:58:02 PM CST 2023 ===
=== Bigining of SLiM run with different QTLs > Sat Nov 11 10:58:15 PM CST 2023 ===
=== Fini finito! End of SLiM QTLs Constant Selection run > Sat Nov 11 11:30:04 PM CST 2023
=== Bigining of SLiM run with different QTLs > Tue Mar 26 11:04:25 PM CDT 2024 ===
=== Fini finito! End of SLiM QTLs Constant Selection run > Wed Mar 27 01:00:46 AM CDT 2024
=== Bigining of SLiM run with different QTLs > Fri Mar 29 08:53:59 PM CDT 2024 ===
=== Fini finito! End of SLiM QTLs Constant Selection run > Fri Mar 29 09:46:47 PM CDT 2024
=== Bigining of SLiM run with different QTLs > Sun Apr 28 01:57:37 AM CDT 2024 ===
=== Bigining of SLiM run with different QTLs > Sun Apr 28 01:58:32 AM CDT 2024 ===
=== Bigining of SLiM run with different QTLs > Sun Apr 28 02:01:04 AM CDT 2024 ===
=== Bigining of SLiM run with different QTLs > Sun Apr 28 02:48:25 AM CDT 2024 ===
=== Fini finito! End of SLiM QTLs Constant Selection run > Sun Apr 28 05:20:07 AM CDT 2024
